<?xml version="1.0" encoding="UTF-8"?>
<!-- Generated by org.testng.reporters.JUnitReportReporter -->
<testsuite hostname="DESKTOP-BEF1GK6" failures="0" tests="5" name="TestCases.LoginTest" time="5.069" errors="0" timestamp="2023-10-15T18:11:23 IST" skipped="0">
  <testcase classname="TestCases.LoginTest" name="tets_login" time="1.277"/>
  <system-out/>
  <testcase classname="TestCases.LoginTest" name="tets_login" time="1.006"/>
  <system-out/>
  <testcase classname="TestCases.LoginTest" name="tets_login" time="1.027"/>
  <system-out/>
  <testcase classname="TestCases.LoginTest" name="tets_login" time="0.741"/>
  <system-out/>
  <testcase classname="TestCases.LoginTest" name="tets_login" time="1.018"/>
  <system-out/>
</testsuite> <!-- TestCases.LoginTest -->
